c:\users\24191\desktop\科林明伦\c_2\c_2\c_2_3\debug\vc143.pdb
c:\users\24191\desktop\科林明伦\c_2\c_2\c_2_3\debug\vc143.idb
c:\users\24191\desktop\科林明伦\c_2\c_2\c_2_3\debug\10训练.obj
c:\users\24191\desktop\科林明伦\c_2\c_2\c_2_3\debug\09训练.obj
c:\users\24191\desktop\科林明伦\c_2\c_2\c_2_3\debug\08训练.obj
c:\users\24191\desktop\科林明伦\c_2\c_2\c_2_3\debug\07训练.obj
c:\users\24191\desktop\科林明伦\c_2\c_2\c_2_3\debug\06训练.obj
c:\users\24191\desktop\科林明伦\c_2\c_2\c_2_3\debug\05训练.obj
c:\users\24191\desktop\科林明伦\c_2\c_2\c_2_3\debug\04指向一维数组的指针.obj
c:\users\24191\desktop\科林明伦\c_2\c_2\c_2_3\debug\03指针类型的数组.obj
c:\users\24191\desktop\科林明伦\c_2\c_2\c_2_3\debug\02指针与一维数组某元素.obj
c:\users\24191\desktop\科林明伦\c_2\c_2\c_2_3\debug\01一维数组原理.obj
d:\colinc\c语言技术体系\debug\c_2_3.pdb
c:\users\24191\desktop\科林明伦\c_2\c_2\c_2_3\debug\c_2_3.tlog\cl.command.1.tlog
c:\users\24191\desktop\科林明伦\c_2\c_2\c_2_3\debug\c_2_3.tlog\cl.read.1.tlog
c:\users\24191\desktop\科林明伦\c_2\c_2\c_2_3\debug\c_2_3.tlog\cl.write.1.tlog
c:\users\24191\desktop\科林明伦\c_2\c_2\c_2_3\debug\c_2_3.tlog\link-cvtres.read.1.tlog
c:\users\24191\desktop\科林明伦\c_2\c_2\c_2_3\debug\c_2_3.tlog\link-cvtres.write.1.tlog
c:\users\24191\desktop\科林明伦\c_2\c_2\c_2_3\debug\c_2_3.tlog\link-rc.read.1.tlog
c:\users\24191\desktop\科林明伦\c_2\c_2\c_2_3\debug\c_2_3.tlog\link-rc.write.1.tlog
c:\users\24191\desktop\科林明伦\c_2\c_2\c_2_3\debug\c_2_3.tlog\link.command.1.tlog
c:\users\24191\desktop\科林明伦\c_2\c_2\c_2_3\debug\c_2_3.tlog\link.read.1.tlog
c:\users\24191\desktop\科林明伦\c_2\c_2\c_2_3\debug\c_2_3.tlog\link.write.1.tlog
