c:\users\24191\desktop\科林明伦\科林明伦-二阶段\代码\数据结构\debug\vc143.pdb
c:\users\24191\desktop\科林明伦\科林明伦-二阶段\代码\数据结构\debug\vc143.idb
c:\users\24191\desktop\科林明伦\科林明伦-二阶段\代码\数据结构\debug\01lsduplicate.obj
c:\users\24191\desktop\科林明伦\科林明伦-二阶段\代码\数据结构\debug\02findunique.obj
c:\users\24191\desktop\科林明伦\科林明伦-二阶段\代码\数据结构\debug\04bubblesort.obj
c:\users\24191\desktop\科林明伦\科林明伦-二阶段\代码\数据结构\debug\03add.obj
c:\users\24191\desktop\科林明伦\科林明伦-二阶段\代码\数据结构\debug\05selectsort.obj
c:\users\24191\desktop\科林明伦\科林明伦-二阶段\代码\20250419c++基础\debug\线性结构.exe
c:\users\24191\desktop\科林明伦\科林明伦-二阶段\代码\20250419c++基础\debug\线性结构.pdb
c:\users\24191\desktop\科林明伦\科林明伦-二阶段\代码\数据结构\debug\线性结构.ilk
c:\users\24191\desktop\科林明伦\科林明伦-二阶段\代码\数据结构\debug\03jiafa.obj
c:\users\24191\desktop\科林明伦\科林明伦-二阶段\代码\数据结构\debug\源.obj
c:\users\24191\desktop\科林明伦\科林明伦-二阶段\代码\数据结构\debug\04bubblesort.obj.enc
c:\users\24191\desktop\科林明伦\科林明伦-二阶段\代码\数据结构\debug\线性结构.tlog\cl.command.1.tlog
c:\users\24191\desktop\科林明伦\科林明伦-二阶段\代码\数据结构\debug\线性结构.tlog\cl.items.tlog
c:\users\24191\desktop\科林明伦\科林明伦-二阶段\代码\数据结构\debug\线性结构.tlog\cl.read.1.tlog
c:\users\24191\desktop\科林明伦\科林明伦-二阶段\代码\数据结构\debug\线性结构.tlog\cl.write.1.tlog
c:\users\24191\desktop\科林明伦\科林明伦-二阶段\代码\数据结构\debug\线性结构.tlog\link.command.1.tlog
c:\users\24191\desktop\科林明伦\科林明伦-二阶段\代码\数据结构\debug\线性结构.tlog\link.read.1.tlog
c:\users\24191\desktop\科林明伦\科林明伦-二阶段\代码\数据结构\debug\线性结构.tlog\link.secondary.1.tlog
c:\users\24191\desktop\科林明伦\科林明伦-二阶段\代码\数据结构\debug\线性结构.tlog\link.write.1.tlog
