c:\users\24191\desktop\科林明伦\c_1\c_1_1\debug\vc143.pdb
c:\users\24191\desktop\科林明伦\c_1\c_1_1\debug\vc143.idb
c:\users\24191\desktop\科林明伦\c_1\c_1_1\debug\无限循环.obj
c:\users\24191\desktop\科林明伦\c_1\c_1_1\debug\a_汉译英_6 循环_先做每当.obj
c:\users\24191\desktop\科林明伦\c_1\c_1_1\debug\a_汉译英_5 循环_每当型.obj
c:\users\24191\desktop\科林明伦\c_1\c_1_1\debug\a_汉译英_4 循环_知起止.obj
c:\users\24191\desktop\科林明伦\c_1\c_1_1\debug\a_汉译英_3 选择_多选一 .obj
c:\users\24191\desktop\科林明伦\c_1\c_1_1\debug\a_汉译英_2 选择_二选一.obj
c:\users\24191\desktop\科林明伦\c_1\c_1_1\debug\a_汉译英_1 顺序结构.obj
d:\colinc\c语言技术体系\debug\c_1_1.pdb
c:\users\24191\desktop\科林明伦\c_1\c_1_1\debug\c_1_1.tlog\cl.command.1.tlog
c:\users\24191\desktop\科林明伦\c_1\c_1_1\debug\c_1_1.tlog\cl.read.1.tlog
c:\users\24191\desktop\科林明伦\c_1\c_1_1\debug\c_1_1.tlog\cl.write.1.tlog
c:\users\24191\desktop\科林明伦\c_1\c_1_1\debug\c_1_1.tlog\link-cvtres.read.1.tlog
c:\users\24191\desktop\科林明伦\c_1\c_1_1\debug\c_1_1.tlog\link-cvtres.write.1.tlog
c:\users\24191\desktop\科林明伦\c_1\c_1_1\debug\c_1_1.tlog\link-rc.read.1.tlog
c:\users\24191\desktop\科林明伦\c_1\c_1_1\debug\c_1_1.tlog\link-rc.write.1.tlog
c:\users\24191\desktop\科林明伦\c_1\c_1_1\debug\c_1_1.tlog\link.command.1.tlog
c:\users\24191\desktop\科林明伦\c_1\c_1_1\debug\c_1_1.tlog\link.read.1.tlog
c:\users\24191\desktop\科林明伦\c_1\c_1_1\debug\c_1_1.tlog\link.write.1.tlog
