c:\users\24191\desktop\科林明伦\c_2\c_2\c_2_2\debug\vc143.pdb
c:\users\24191\desktop\科林明伦\c_2\c_2\c_2_2\debug\vc143.idb
c:\users\24191\desktop\科林明伦\c_2\c_2\c_2_2\debug\zy.obj
c:\users\24191\desktop\科林明伦\c_2\c_2\c_2_2\debug\20.obj
c:\users\24191\desktop\科林明伦\c_2\c_2\c_2_2\debug\19.obj
c:\users\24191\desktop\科林明伦\c_2\c_2\c_2_2\debug\18.obj
c:\users\24191\desktop\科林明伦\c_2\c_2\c_2_2\debug\17.obj
c:\users\24191\desktop\科林明伦\c_2\c_2\c_2_2\debug\16.obj
c:\users\24191\desktop\科林明伦\c_2\c_2\c_2_2\debug\15.obj
c:\users\24191\desktop\科林明伦\c_2\c_2\c_2_2\debug\14.obj
c:\users\24191\desktop\科林明伦\c_2\c_2\c_2_2\debug\13.obj
c:\users\24191\desktop\科林明伦\c_2\c_2\c_2_2\debug\12.obj
c:\users\24191\desktop\科林明伦\c_2\c_2\c_2_2\debug\11.obj
c:\users\24191\desktop\科林明伦\c_2\c_2\c_2_2\debug\02_一维数组_初始化.obj
c:\users\24191\desktop\科林明伦\c_2\c_2\c_2_2\debug\01_一维数组_基本用法.obj
d:\colinc\c语言技术体系\debug\c_2_2.pdb
c:\users\24191\desktop\科林明伦\c_2\c_2\c_2_2\debug\c_2_2.tlog\cl.command.1.tlog
c:\users\24191\desktop\科林明伦\c_2\c_2\c_2_2\debug\c_2_2.tlog\cl.read.1.tlog
c:\users\24191\desktop\科林明伦\c_2\c_2\c_2_2\debug\c_2_2.tlog\cl.write.1.tlog
c:\users\24191\desktop\科林明伦\c_2\c_2\c_2_2\debug\c_2_2.tlog\link-cvtres.read.1.tlog
c:\users\24191\desktop\科林明伦\c_2\c_2\c_2_2\debug\c_2_2.tlog\link-cvtres.write.1.tlog
c:\users\24191\desktop\科林明伦\c_2\c_2\c_2_2\debug\c_2_2.tlog\link-rc.read.1.tlog
c:\users\24191\desktop\科林明伦\c_2\c_2\c_2_2\debug\c_2_2.tlog\link-rc.write.1.tlog
c:\users\24191\desktop\科林明伦\c_2\c_2\c_2_2\debug\c_2_2.tlog\link.command.1.tlog
c:\users\24191\desktop\科林明伦\c_2\c_2\c_2_2\debug\c_2_2.tlog\link.read.1.tlog
c:\users\24191\desktop\科林明伦\c_2\c_2\c_2_2\debug\c_2_2.tlog\link.write.1.tlog
