c:\users\24191\desktop\科林明伦\c_1\c_1_2_homework\debug\vc143.pdb
c:\users\24191\desktop\科林明伦\c_1\c_1_2_homework\debug\vc143.idb
c:\users\24191\desktop\科林明伦\c_1\c_1_2_homework\debug\211.obj
c:\users\24191\desktop\科林明伦\c_1\c_1_2_homework\debug\210.obj
c:\users\24191\desktop\科林明伦\c_1\c_1_2_homework\debug\209.obj
c:\users\24191\desktop\科林明伦\c_1\c_1_2_homework\debug\208.obj
c:\users\24191\desktop\科林明伦\c_1\c_1_2_homework\debug\207.obj
c:\users\24191\desktop\科林明伦\c_1\c_1_2_homework\debug\206.obj
c:\users\24191\desktop\科林明伦\c_1\c_1_2_homework\debug\205.obj
c:\users\24191\desktop\科林明伦\c_1\c_1_2_homework\debug\204.obj
c:\users\24191\desktop\科林明伦\c_1\c_1_2_homework\debug\203.obj
c:\users\24191\desktop\科林明伦\c_1\c_1_2_homework\debug\202.obj
c:\users\24191\desktop\科林明伦\c_1\c_1_2_homework\debug\201.obj
d:\colinc\c语言技术体系\debug\c_1_2_homework.pdb
c:\users\24191\desktop\科林明伦\c_1\c_1_2_homework\debug\c_1_2_homework.tlog\cl.command.1.tlog
c:\users\24191\desktop\科林明伦\c_1\c_1_2_homework\debug\c_1_2_homework.tlog\cl.read.1.tlog
c:\users\24191\desktop\科林明伦\c_1\c_1_2_homework\debug\c_1_2_homework.tlog\cl.write.1.tlog
c:\users\24191\desktop\科林明伦\c_1\c_1_2_homework\debug\c_1_2_homework.tlog\link-cvtres.read.1.tlog
c:\users\24191\desktop\科林明伦\c_1\c_1_2_homework\debug\c_1_2_homework.tlog\link-cvtres.write.1.tlog
c:\users\24191\desktop\科林明伦\c_1\c_1_2_homework\debug\c_1_2_homework.tlog\link-rc.read.1.tlog
c:\users\24191\desktop\科林明伦\c_1\c_1_2_homework\debug\c_1_2_homework.tlog\link-rc.write.1.tlog
c:\users\24191\desktop\科林明伦\c_1\c_1_2_homework\debug\c_1_2_homework.tlog\link.command.1.tlog
c:\users\24191\desktop\科林明伦\c_1\c_1_2_homework\debug\c_1_2_homework.tlog\link.read.1.tlog
c:\users\24191\desktop\科林明伦\c_1\c_1_2_homework\debug\c_1_2_homework.tlog\link.write.1.tlog
