c:\users\24191\desktop\科林明伦\c_1\c_1_2\debug\vc143.pdb
c:\users\24191\desktop\科林明伦\c_1\c_1_2\debug\vc143.idb
c:\users\24191\desktop\科林明伦\c_1\c_1_2\debug\211.obj
c:\users\24191\desktop\科林明伦\c_1\c_1_2\debug\210.obj
c:\users\24191\desktop\科林明伦\c_1\c_1_2\debug\209.obj
c:\users\24191\desktop\科林明伦\c_1\c_1_2\debug\208.obj
c:\users\24191\desktop\科林明伦\c_1\c_1_2\debug\207.obj
c:\users\24191\desktop\科林明伦\c_1\c_1_2\debug\206.obj
c:\users\24191\desktop\科林明伦\c_1\c_1_2\debug\205.obj
c:\users\24191\desktop\科林明伦\c_1\c_1_2\debug\204.obj
c:\users\24191\desktop\科林明伦\c_1\c_1_2\debug\203.obj
c:\users\24191\desktop\科林明伦\c_1\c_1_2\debug\202.obj
c:\users\24191\desktop\科林明伦\c_1\c_1_2\debug\201.obj
c:\users\24191\desktop\科林明伦\c_1\c_1_2\debug\16_图形to代码.obj
c:\users\24191\desktop\科林明伦\c_1\c_1_2\debug\15_图形to代码.obj
c:\users\24191\desktop\科林明伦\c_1\c_1_2\debug\14_图形to代码.obj
c:\users\24191\desktop\科林明伦\c_1\c_1_2\debug\13_图形to代码.obj
c:\users\24191\desktop\科林明伦\c_1\c_1_2\debug\12_图形to代码.obj
c:\users\24191\desktop\科林明伦\c_1\c_1_2\debug\11_图形to代码.obj
c:\users\24191\desktop\科林明伦\c_1\c_1_2\debug\02_速度.obj
c:\users\24191\desktop\科林明伦\c_1\c_1_2\debug\01_规格.obj
d:\colinc\c语言技术体系\debug\c_1_2.exe
d:\colinc\c语言技术体系\debug\c_1_2.pdb
c:\users\24191\desktop\科林明伦\c_1\c_1_2\debug\c_1_2.ilk
c:\users\24191\desktop\科林明伦\c_1\c_1_2\debug\c_1_2.tlog\cl.command.1.tlog
c:\users\24191\desktop\科林明伦\c_1\c_1_2\debug\c_1_2.tlog\cl.items.tlog
c:\users\24191\desktop\科林明伦\c_1\c_1_2\debug\c_1_2.tlog\cl.read.1.tlog
c:\users\24191\desktop\科林明伦\c_1\c_1_2\debug\c_1_2.tlog\cl.write.1.tlog
c:\users\24191\desktop\科林明伦\c_1\c_1_2\debug\c_1_2.tlog\link.command.1.tlog
c:\users\24191\desktop\科林明伦\c_1\c_1_2\debug\c_1_2.tlog\link.read.1.tlog
c:\users\24191\desktop\科林明伦\c_1\c_1_2\debug\c_1_2.tlog\link.secondary.1.tlog
c:\users\24191\desktop\科林明伦\c_1\c_1_2\debug\c_1_2.tlog\link.write.1.tlog
