c:\users\24191\desktop\科林明伦\c_2\c_2\c_2_4\debug\vc143.pdb
c:\users\24191\desktop\科林明伦\c_2\c_2\c_2_4\debug\vc143.idb
c:\users\24191\desktop\科林明伦\c_2\c_2\c_2_4\debug\zy3.obj
c:\users\24191\desktop\科林明伦\c_2\c_2\c_2_4\debug\zy2.obj
c:\users\24191\desktop\科林明伦\c_2\c_2\c_2_4\debug\zy1.obj
c:\users\24191\desktop\科林明伦\c_2\c_2\c_2_4\debug\14.obj
c:\users\24191\desktop\科林明伦\c_2\c_2\c_2_4\debug\13.obj
c:\users\24191\desktop\科林明伦\c_2\c_2\c_2_4\debug\12.obj
c:\users\24191\desktop\科林明伦\c_2\c_2\c_2_4\debug\11.obj
c:\users\24191\desktop\科林明伦\c_2\c_2\c_2_4\debug\04_多维数组原理.obj
c:\users\24191\desktop\科林明伦\c_2\c_2\c_2_4\debug\03_二维数组与指针.obj
c:\users\24191\desktop\科林明伦\c_2\c_2\c_2_4\debug\02_二维数组_初始化.obj
c:\users\24191\desktop\科林明伦\c_2\c_2\c_2_4\debug\01_二维数组_基本用法.obj
d:\colinc\c语言技术体系\debug\c_2_4.pdb
c:\users\24191\desktop\科林明伦\c_2\c_2\c_2_4\debug\c_2_4.tlog\cl.command.1.tlog
c:\users\24191\desktop\科林明伦\c_2\c_2\c_2_4\debug\c_2_4.tlog\cl.read.1.tlog
c:\users\24191\desktop\科林明伦\c_2\c_2\c_2_4\debug\c_2_4.tlog\cl.write.1.tlog
c:\users\24191\desktop\科林明伦\c_2\c_2\c_2_4\debug\c_2_4.tlog\link-cvtres.read.1.tlog
c:\users\24191\desktop\科林明伦\c_2\c_2\c_2_4\debug\c_2_4.tlog\link-cvtres.write.1.tlog
c:\users\24191\desktop\科林明伦\c_2\c_2\c_2_4\debug\c_2_4.tlog\link-rc.read.1.tlog
c:\users\24191\desktop\科林明伦\c_2\c_2\c_2_4\debug\c_2_4.tlog\link-rc.write.1.tlog
c:\users\24191\desktop\科林明伦\c_2\c_2\c_2_4\debug\c_2_4.tlog\link.command.1.tlog
c:\users\24191\desktop\科林明伦\c_2\c_2\c_2_4\debug\c_2_4.tlog\link.read.1.tlog
c:\users\24191\desktop\科林明伦\c_2\c_2\c_2_4\debug\c_2_4.tlog\link.write.1.tlog
