c:\users\24191\desktop\科林明伦\c_3\c_3_1\debug\vc143.pdb
c:\users\24191\desktop\科林明伦\c_3\c_3_1\debug\vc143.idb
c:\users\24191\desktop\科林明伦\c_3\c_3_1\debug\void.obj
c:\users\24191\desktop\科林明伦\c_3\c_3_1\debug\16.obj
c:\users\24191\desktop\科林明伦\c_3\c_3_1\debug\15.obj
c:\users\24191\desktop\科林明伦\c_3\c_3_1\debug\14.obj
c:\users\24191\desktop\科林明伦\c_3\c_3_1\debug\13.obj
c:\users\24191\desktop\科林明伦\c_3\c_3_1\debug\12.obj
c:\users\24191\desktop\科林明伦\c_3\c_3_1\debug\11.obj
c:\users\24191\desktop\科林明伦\c_3\c_3_1\debug\04_typedef.obj
c:\users\24191\desktop\科林明伦\c_3\c_3_1\debug\03函数指针.obj
c:\users\24191\desktop\科林明伦\c_3\c_3_1\debug\02函数之间数据传递.obj
c:\users\24191\desktop\科林明伦\c_3\c_3_1\debug\01函数基本概念.obj
d:\colinc\c语言技术体系\debug\c_3_1.pdb
c:\users\24191\desktop\科林明伦\c_3\c_3_1\debug\c_3_1.tlog\cl.command.1.tlog
c:\users\24191\desktop\科林明伦\c_3\c_3_1\debug\c_3_1.tlog\cl.read.1.tlog
c:\users\24191\desktop\科林明伦\c_3\c_3_1\debug\c_3_1.tlog\cl.write.1.tlog
c:\users\24191\desktop\科林明伦\c_3\c_3_1\debug\c_3_1.tlog\link-cvtres.read.1.tlog
c:\users\24191\desktop\科林明伦\c_3\c_3_1\debug\c_3_1.tlog\link-cvtres.write.1.tlog
c:\users\24191\desktop\科林明伦\c_3\c_3_1\debug\c_3_1.tlog\link-rc.read.1.tlog
c:\users\24191\desktop\科林明伦\c_3\c_3_1\debug\c_3_1.tlog\link-rc.write.1.tlog
c:\users\24191\desktop\科林明伦\c_3\c_3_1\debug\c_3_1.tlog\link.command.1.tlog
c:\users\24191\desktop\科林明伦\c_3\c_3_1\debug\c_3_1.tlog\link.read.1.tlog
c:\users\24191\desktop\科林明伦\c_3\c_3_1\debug\c_3_1.tlog\link.write.1.tlog
