c:\users\24191\desktop\科林明伦\c_1\c_1_1_homework\debug\vc143.pdb
c:\users\24191\desktop\科林明伦\c_1\c_1_1_homework\debug\vc143.idb
c:\users\24191\desktop\科林明伦\c_1\c_1_1_homework\debug\10.obj
c:\users\24191\desktop\科林明伦\c_1\c_1_1_homework\debug\09.obj
c:\users\24191\desktop\科林明伦\c_1\c_1_1_homework\debug\08.obj
c:\users\24191\desktop\科林明伦\c_1\c_1_1_homework\debug\07.obj
c:\users\24191\desktop\科林明伦\c_1\c_1_1_homework\debug\06_2.obj
c:\users\24191\desktop\科林明伦\c_1\c_1_1_homework\debug\06.obj
c:\users\24191\desktop\科林明伦\c_1\c_1_1_homework\debug\05.obj
c:\users\24191\desktop\科林明伦\c_1\c_1_1_homework\debug\04.obj
c:\users\24191\desktop\科林明伦\c_1\c_1_1_homework\debug\03.obj
c:\users\24191\desktop\科林明伦\c_1\c_1_1_homework\debug\02.obj
c:\users\24191\desktop\科林明伦\c_1\c_1_1_homework\debug\01.obj
d:\colinc\c语言技术体系\debug\c_1_1_homework.exe
d:\colinc\c语言技术体系\debug\c_1_1_homework.pdb
c:\users\24191\desktop\科林明伦\c_1\c_1_1_homework\debug\c_1_1_homework.ilk
c:\users\24191\desktop\科林明伦\c_1\c_1_1_homework\debug\c_1_1_homework.tlog\cl.command.1.tlog
c:\users\24191\desktop\科林明伦\c_1\c_1_1_homework\debug\c_1_1_homework.tlog\cl.items.tlog
c:\users\24191\desktop\科林明伦\c_1\c_1_1_homework\debug\c_1_1_homework.tlog\cl.read.1.tlog
c:\users\24191\desktop\科林明伦\c_1\c_1_1_homework\debug\c_1_1_homework.tlog\cl.write.1.tlog
c:\users\24191\desktop\科林明伦\c_1\c_1_1_homework\debug\c_1_1_homework.tlog\link.command.1.tlog
c:\users\24191\desktop\科林明伦\c_1\c_1_1_homework\debug\c_1_1_homework.tlog\link.read.1.tlog
c:\users\24191\desktop\科林明伦\c_1\c_1_1_homework\debug\c_1_1_homework.tlog\link.secondary.1.tlog
c:\users\24191\desktop\科林明伦\c_1\c_1_1_homework\debug\c_1_1_homework.tlog\link.write.1.tlog
