c:\users\24191\desktop\科林明伦\c_1\c_1_4\debug\vc143.pdb
c:\users\24191\desktop\科林明伦\c_1\c_1_4\debug\vc143.idb
c:\users\24191\desktop\科林明伦\c_1\c_1_4\debug\17其它运算符.obj
c:\users\24191\desktop\科林明伦\c_1\c_1_4\debug\16位运算.obj
c:\users\24191\desktop\科林明伦\c_1\c_1_4\debug\15三目运算.obj
c:\users\24191\desktop\科林明伦\c_1\c_1_4\debug\14逻辑运算.obj
c:\users\24191\desktop\科林明伦\c_1\c_1_4\debug\13关系运算.obj
c:\users\24191\desktop\科林明伦\c_1\c_1_4\debug\12赋值类运算.obj
c:\users\24191\desktop\科林明伦\c_1\c_1_4\debug\11算术运算符.obj
c:\users\24191\desktop\科林明伦\c_1\c_1_4\debug\04类型转换.obj
c:\users\24191\desktop\科林明伦\c_1\c_1_4\debug\03字符型相关.obj
c:\users\24191\desktop\科林明伦\c_1\c_1_4\debug\02浮点型相关.obj
c:\users\24191\desktop\科林明伦\c_1\c_1_4\debug\01整型相关.obj
d:\colinc\c语言技术体系\debug\c_1_4.exe
d:\colinc\c语言技术体系\debug\c_1_4.pdb
c:\users\24191\desktop\科林明伦\c_1\c_1_4\debug\c_1_4.ilk
c:\users\24191\desktop\科林明伦\c_1\c_1_4\debug\c_1_4.tlog\cl.command.1.tlog
c:\users\24191\desktop\科林明伦\c_1\c_1_4\debug\c_1_4.tlog\cl.items.tlog
c:\users\24191\desktop\科林明伦\c_1\c_1_4\debug\c_1_4.tlog\cl.read.1.tlog
c:\users\24191\desktop\科林明伦\c_1\c_1_4\debug\c_1_4.tlog\cl.write.1.tlog
c:\users\24191\desktop\科林明伦\c_1\c_1_4\debug\c_1_4.tlog\link.command.1.tlog
c:\users\24191\desktop\科林明伦\c_1\c_1_4\debug\c_1_4.tlog\link.read.1.tlog
c:\users\24191\desktop\科林明伦\c_1\c_1_4\debug\c_1_4.tlog\link.secondary.1.tlog
c:\users\24191\desktop\科林明伦\c_1\c_1_4\debug\c_1_4.tlog\link.write.1.tlog
